
*** Running vivado
    with args -log RV32I_WSC_reg_IFID_0_0.vds -m64 -product Vivado -mode batch -messageDb vivado.pb -notrace -source RV32I_WSC_reg_IFID_0_0.tcl



****** Vivado v2024.1 (64-bit)
  **** SW Build 5076996 on Wed May 22 18:37:14 MDT 2024
  **** IP Build 5075265 on Wed May 22 21:45:21 MDT 2024
  **** SharedData Build 5076995 on Wed May 22 18:29:18 MDT 2024
  **** Start of session at: Tue Feb  4 17:46:21 2025
    ** Copyright 1986-2022 Xilinx, Inc. All Rights Reserved.
    ** Copyright 2022-2024 Advanced Micro Devices, Inc. All Rights Reserved.

source RV32I_WSC_reg_IFID_0_0.tcl -notrace
INFO: [IP_Flow 19-234] Refreshing IP repositories
INFO: [IP_Flow 19-1704] No user IP repositories specified
INFO: [IP_Flow 19-2313] Loaded Vivado IP repository 'C:/Xilinx/Vivado/2024.1/data/ip'.
Command: synth_design -top RV32I_WSC_reg_IFID_0_0 -part xc7z007sclg400-1 -incremental_mode off -mode out_of_context
Starting synth_design
Attempting to get a license for feature 'Synthesis' and/or device 'xc7z007s'
INFO: [Common 17-349] Got license for feature 'Synthesis' and/or device 'xc7z007s'
INFO: [Designutils 20-5008] Incremental synthesis strategy off
INFO: [Synth 8-7079] Multithreading enabled for synth_design using a maximum of 2 processes.
INFO: [Synth 8-7078] Launching helper process for spawning children vivado processes
INFO: [Synth 8-7075] Helper process launched with PID 4972
---------------------------------------------------------------------------------
Starting Synthesize : Time (s): cpu = 00:00:01 ; elapsed = 00:00:03 . Memory (MB): peak = 990.348 ; gain = 449.363
---------------------------------------------------------------------------------
INFO: [Synth 8-6157] synthesizing module 'RV32I_WSC_reg_IFID_0_0' [c:/FPGA_project/RV32I_WSC/RV32I_WSC.gen/sources_1/bd/RV32I_WSC/ip/RV32I_WSC_reg_IFID_0_0/synth/RV32I_WSC_reg_IFID_0_0.v:53]
INFO: [Synth 8-6157] synthesizing module 'reg_IFID' [C:/FPGA_project/RV32I_WSC/RV32I_WSC.srcs/sources_1/new/IFID_reg.v:4]
INFO: [Synth 8-6155] done synthesizing module 'reg_IFID' (0#1) [C:/FPGA_project/RV32I_WSC/RV32I_WSC.srcs/sources_1/new/IFID_reg.v:4]
INFO: [Synth 8-6155] done synthesizing module 'RV32I_WSC_reg_IFID_0_0' (0#1) [c:/FPGA_project/RV32I_WSC/RV32I_WSC.gen/sources_1/bd/RV32I_WSC/ip/RV32I_WSC_reg_IFID_0_0/synth/RV32I_WSC_reg_IFID_0_0.v:53]
WARNING: [Synth 8-7129] Port flush in module reg_IFID is either unconnected or has no load
---------------------------------------------------------------------------------
Finished Synthesize : Time (s): cpu = 00:00:02 ; elapsed = 00:00:04 . Memory (MB): peak = 1099.395 ; gain = 558.410
---------------------------------------------------------------------------------
---------------------------------------------------------------------------------
Finished Constraint Validation : Time (s): cpu = 00:00:02 ; elapsed = 00:00:05 . Memory (MB): peak = 1099.395 ; gain = 558.410
---------------------------------------------------------------------------------
---------------------------------------------------------------------------------
Start Loading Part and Timing Information
---------------------------------------------------------------------------------
Loading part: xc7z007sclg400-1
---------------------------------------------------------------------------------
Finished Loading Part and Timing Information : Time (s): cpu = 00:00:02 ; elapsed = 00:00:05 . Memory (MB): peak = 1099.395 ; gain = 558.410
---------------------------------------------------------------------------------
INFO: [Device 21-403] Loading part xc7z007sclg400-1
---------------------------------------------------------------------------------
Finished RTL Optimization Phase 2 : Time (s): cpu = 00:00:02 ; elapsed = 00:00:05 . Memory (MB): peak = 1099.395 ; gain = 558.410
---------------------------------------------------------------------------------
No constraint files found.
---------------------------------------------------------------------------------
Start RTL Component Statistics 
---------------------------------------------------------------------------------
Detailed RTL Component Info : 
+---Registers : 
	               32 Bit    Registers := 2     
---------------------------------------------------------------------------------
Finished RTL Component Statistics 
---------------------------------------------------------------------------------
---------------------------------------------------------------------------------
Start Part Resource Summary
---------------------------------------------------------------------------------
INFO: [Device 21-9227] Part: xc7z007sclg400-1 does not have CEAM library.
Part Resources:
DSPs: 66 (col length:40)
BRAMs: 100 (col length: RAMB18 40 RAMB36 20)
---------------------------------------------------------------------------------
Finished Part Resource Summary
---------------------------------------------------------------------------------
No constraint files found.
---------------------------------------------------------------------------------
Start Cross Boundary and Area Optimization
---------------------------------------------------------------------------------
WARNING: [Synth 8-7080] Parallel synthesis criteria is not met
INFO: [Synth 8-3917] design RV32I_WSC_reg_IFID_0_0 has port program_counter[31] driven by constant 0
INFO: [Synth 8-3917] design RV32I_WSC_reg_IFID_0_0 has port program_counter[30] driven by constant 0
INFO: [Synth 8-3917] design RV32I_WSC_reg_IFID_0_0 has port program_counter[29] driven by constant 0
INFO: [Synth 8-3917] design RV32I_WSC_reg_IFID_0_0 has port program_counter[28] driven by constant 0
INFO: [Synth 8-3917] design RV32I_WSC_reg_IFID_0_0 has port program_counter[27] driven by constant 0
INFO: [Synth 8-3917] design RV32I_WSC_reg_IFID_0_0 has port program_counter[26] driven by constant 0
INFO: [Synth 8-3917] design RV32I_WSC_reg_IFID_0_0 has port program_counter[25] driven by constant 0
INFO: [Synth 8-3917] design RV32I_WSC_reg_IFID_0_0 has port program_counter[24] driven by constant 0
INFO: [Synth 8-3917] design RV32I_WSC_reg_IFID_0_0 has port program_counter[23] driven by constant 0
INFO: [Synth 8-3917] design RV32I_WSC_reg_IFID_0_0 has port program_counter[22] driven by constant 0
INFO: [Synth 8-3917] design RV32I_WSC_reg_IFID_0_0 has port program_counter[21] driven by constant 0
INFO: [Synth 8-3917] design RV32I_WSC_reg_IFID_0_0 has port program_counter[20] driven by constant 0
INFO: [Synth 8-3917] design RV32I_WSC_reg_IFID_0_0 has port program_counter[19] driven by constant 0
INFO: [Synth 8-3917] design RV32I_WSC_reg_IFID_0_0 has port program_counter[18] driven by constant 0
INFO: [Synth 8-3917] design RV32I_WSC_reg_IFID_0_0 has port program_counter[17] driven by constant 0
INFO: [Synth 8-3917] design RV32I_WSC_reg_IFID_0_0 has port program_counter[16] driven by constant 0
INFO: [Synth 8-3917] design RV32I_WSC_reg_IFID_0_0 has port program_counter[15] driven by constant 0
INFO: [Synth 8-3917] design RV32I_WSC_reg_IFID_0_0 has port program_counter[14] driven by constant 0
INFO: [Synth 8-3917] design RV32I_WSC_reg_IFID_0_0 has port program_counter[13] driven by constant 0
INFO: [Synth 8-3917] design RV32I_WSC_reg_IFID_0_0 has port program_counter[12] driven by constant 0
INFO: [Synth 8-3917] design RV32I_WSC_reg_IFID_0_0 has port program_counter[11] driven by constant 0
INFO: [Synth 8-3917] design RV32I_WSC_reg_IFID_0_0 has port program_counter[10] driven by constant 0
INFO: [Synth 8-3917] design RV32I_WSC_reg_IFID_0_0 has port program_counter[9] driven by constant 0
INFO: [Synth 8-3917] design RV32I_WSC_reg_IFID_0_0 has port program_counter[8] driven by constant 0
INFO: [Synth 8-3917] design RV32I_WSC_reg_IFID_0_0 has port program_counter[7] driven by constant 0
INFO: [Synth 8-3917] design RV32I_WSC_reg_IFID_0_0 has port program_counter[6] driven by constant 0
INFO: [Synth 8-3917] design RV32I_WSC_reg_IFID_0_0 has port program_counter[5] driven by constant 0
INFO: [Synth 8-3917] design RV32I_WSC_reg_IFID_0_0 has port program_counter[4] driven by constant 0
INFO: [Synth 8-3917] design RV32I_WSC_reg_IFID_0_0 has port program_counter[3] driven by constant 0
INFO: [Synth 8-3917] design RV32I_WSC_reg_IFID_0_0 has port program_counter[2] driven by constant 0
INFO: [Synth 8-3917] design RV32I_WSC_reg_IFID_0_0 has port program_counter[1] driven by constant 0
INFO: [Synth 8-3917] design RV32I_WSC_reg_IFID_0_0 has port program_counter[0] driven by constant 0
INFO: [Synth 8-3917] design RV32I_WSC_reg_IFID_0_0 has port instruction[31] driven by constant 0
INFO: [Synth 8-3917] design RV32I_WSC_reg_IFID_0_0 has port instruction[30] driven by constant 0
INFO: [Synth 8-3917] design RV32I_WSC_reg_IFID_0_0 has port instruction[29] driven by constant 0
INFO: [Synth 8-3917] design RV32I_WSC_reg_IFID_0_0 has port instruction[28] driven by constant 0
INFO: [Synth 8-3917] design RV32I_WSC_reg_IFID_0_0 has port instruction[27] driven by constant 0
INFO: [Synth 8-3917] design RV32I_WSC_reg_IFID_0_0 has port instruction[26] driven by constant 0
INFO: [Synth 8-3917] design RV32I_WSC_reg_IFID_0_0 has port instruction[25] driven by constant 0
INFO: [Synth 8-3917] design RV32I_WSC_reg_IFID_0_0 has port instruction[24] driven by constant 0
INFO: [Synth 8-3917] design RV32I_WSC_reg_IFID_0_0 has port instruction[23] driven by constant 0
INFO: [Synth 8-3917] design RV32I_WSC_reg_IFID_0_0 has port instruction[22] driven by constant 0
INFO: [Synth 8-3917] design RV32I_WSC_reg_IFID_0_0 has port instruction[21] driven by constant 0
INFO: [Synth 8-3917] design RV32I_WSC_reg_IFID_0_0 has port instruction[20] driven by constant 0
INFO: [Synth 8-3917] design RV32I_WSC_reg_IFID_0_0 has port instruction[19] driven by constant 0
INFO: [Synth 8-3917] design RV32I_WSC_reg_IFID_0_0 has port instruction[18] driven by constant 0
INFO: [Synth 8-3917] design RV32I_WSC_reg_IFID_0_0 has port instruction[17] driven by constant 0
INFO: [Synth 8-3917] design RV32I_WSC_reg_IFID_0_0 has port instruction[16] driven by constant 0
INFO: [Synth 8-3917] design RV32I_WSC_reg_IFID_0_0 has port instruction[15] driven by constant 0
INFO: [Synth 8-3917] design RV32I_WSC_reg_IFID_0_0 has port instruction[14] driven by constant 0
INFO: [Synth 8-3917] design RV32I_WSC_reg_IFID_0_0 has port instruction[13] driven by constant 0
INFO: [Synth 8-3917] design RV32I_WSC_reg_IFID_0_0 has port instruction[12] driven by constant 0
INFO: [Synth 8-3917] design RV32I_WSC_reg_IFID_0_0 has port instruction[11] driven by constant 0
INFO: [Synth 8-3917] design RV32I_WSC_reg_IFID_0_0 has port instruction[10] driven by constant 0
INFO: [Synth 8-3917] design RV32I_WSC_reg_IFID_0_0 has port instruction[9] driven by constant 0
INFO: [Synth 8-3917] design RV32I_WSC_reg_IFID_0_0 has port instruction[8] driven by constant 0
INFO: [Synth 8-3917] design RV32I_WSC_reg_IFID_0_0 has port instruction[7] driven by constant 0
INFO: [Synth 8-3917] design RV32I_WSC_reg_IFID_0_0 has port instruction[6] driven by constant 0
INFO: [Synth 8-3917] design RV32I_WSC_reg_IFID_0_0 has port instruction[5] driven by constant 0
INFO: [Synth 8-3917] design RV32I_WSC_reg_IFID_0_0 has port instruction[4] driven by constant 0
INFO: [Synth 8-3917] design RV32I_WSC_reg_IFID_0_0 has port instruction[3] driven by constant 0
INFO: [Synth 8-3917] design RV32I_WSC_reg_IFID_0_0 has port instruction[2] driven by constant 0
INFO: [Synth 8-3917] design RV32I_WSC_reg_IFID_0_0 has port instruction[1] driven by constant 0
INFO: [Synth 8-3917] design RV32I_WSC_reg_IFID_0_0 has port instruction[0] driven by constant 0
WARNING: [Synth 8-7129] Port flush in module RV32I_WSC_reg_IFID_0_0 is either unconnected or has no load
CRITICAL WARNING: [Synth 8-6859] multi-driven net on pin program_counter_reg[31] with 1st driver pin 'inst/program_counter_reg[31]/Q' [C:/FPGA_project/RV32I_WSC/RV32I_WSC.srcs/sources_1/new/IFID_reg.v:19]
CRITICAL WARNING: [Synth 8-6859] multi-driven net on pin program_counter_reg[31] with 2nd driver pin 'GND' [C:/FPGA_project/RV32I_WSC/RV32I_WSC.srcs/sources_1/new/IFID_reg.v:19]
CRITICAL WARNING: [Synth 8-6858] multi-driven net program_counter_reg[31] is connected to at least one constant driver which has been preserved, other driver is ignored [C:/FPGA_project/RV32I_WSC/RV32I_WSC.srcs/sources_1/new/IFID_reg.v:19]
CRITICAL WARNING: [Synth 8-6859] multi-driven net on pin program_counter_reg[30] with 1st driver pin 'inst/program_counter_reg[30]/Q' [C:/FPGA_project/RV32I_WSC/RV32I_WSC.srcs/sources_1/new/IFID_reg.v:19]
CRITICAL WARNING: [Synth 8-6859] multi-driven net on pin program_counter_reg[30] with 2nd driver pin 'GND' [C:/FPGA_project/RV32I_WSC/RV32I_WSC.srcs/sources_1/new/IFID_reg.v:19]
CRITICAL WARNING: [Synth 8-6858] multi-driven net program_counter_reg[30] is connected to at least one constant driver which has been preserved, other driver is ignored [C:/FPGA_project/RV32I_WSC/RV32I_WSC.srcs/sources_1/new/IFID_reg.v:19]
CRITICAL WARNING: [Synth 8-6859] multi-driven net on pin program_counter_reg[29] with 1st driver pin 'inst/program_counter_reg[29]/Q' [C:/FPGA_project/RV32I_WSC/RV32I_WSC.srcs/sources_1/new/IFID_reg.v:19]
CRITICAL WARNING: [Synth 8-6859] multi-driven net on pin program_counter_reg[29] with 2nd driver pin 'GND' [C:/FPGA_project/RV32I_WSC/RV32I_WSC.srcs/sources_1/new/IFID_reg.v:19]
CRITICAL WARNING: [Synth 8-6858] multi-driven net program_counter_reg[29] is connected to at least one constant driver which has been preserved, other driver is ignored [C:/FPGA_project/RV32I_WSC/RV32I_WSC.srcs/sources_1/new/IFID_reg.v:19]
CRITICAL WARNING: [Synth 8-6859] multi-driven net on pin program_counter_reg[28] with 1st driver pin 'inst/program_counter_reg[28]/Q' [C:/FPGA_project/RV32I_WSC/RV32I_WSC.srcs/sources_1/new/IFID_reg.v:19]
CRITICAL WARNING: [Synth 8-6859] multi-driven net on pin program_counter_reg[28] with 2nd driver pin 'GND' [C:/FPGA_project/RV32I_WSC/RV32I_WSC.srcs/sources_1/new/IFID_reg.v:19]
CRITICAL WARNING: [Synth 8-6858] multi-driven net program_counter_reg[28] is connected to at least one constant driver which has been preserved, other driver is ignored [C:/FPGA_project/RV32I_WSC/RV32I_WSC.srcs/sources_1/new/IFID_reg.v:19]
CRITICAL WARNING: [Synth 8-6859] multi-driven net on pin program_counter_reg[27] with 1st driver pin 'inst/program_counter_reg[27]/Q' [C:/FPGA_project/RV32I_WSC/RV32I_WSC.srcs/sources_1/new/IFID_reg.v:19]
CRITICAL WARNING: [Synth 8-6859] multi-driven net on pin program_counter_reg[27] with 2nd driver pin 'GND' [C:/FPGA_project/RV32I_WSC/RV32I_WSC.srcs/sources_1/new/IFID_reg.v:19]
CRITICAL WARNING: [Synth 8-6858] multi-driven net program_counter_reg[27] is connected to at least one constant driver which has been preserved, other driver is ignored [C:/FPGA_project/RV32I_WSC/RV32I_WSC.srcs/sources_1/new/IFID_reg.v:19]
CRITICAL WARNING: [Synth 8-6859] multi-driven net on pin program_counter_reg[26] with 1st driver pin 'inst/program_counter_reg[26]/Q' [C:/FPGA_project/RV32I_WSC/RV32I_WSC.srcs/sources_1/new/IFID_reg.v:19]
CRITICAL WARNING: [Synth 8-6859] multi-driven net on pin program_counter_reg[26] with 2nd driver pin 'GND' [C:/FPGA_project/RV32I_WSC/RV32I_WSC.srcs/sources_1/new/IFID_reg.v:19]
CRITICAL WARNING: [Synth 8-6858] multi-driven net program_counter_reg[26] is connected to at least one constant driver which has been preserved, other driver is ignored [C:/FPGA_project/RV32I_WSC/RV32I_WSC.srcs/sources_1/new/IFID_reg.v:19]
CRITICAL WARNING: [Synth 8-6859] multi-driven net on pin program_counter_reg[25] with 1st driver pin 'inst/program_counter_reg[25]/Q' [C:/FPGA_project/RV32I_WSC/RV32I_WSC.srcs/sources_1/new/IFID_reg.v:19]
CRITICAL WARNING: [Synth 8-6859] multi-driven net on pin program_counter_reg[25] with 2nd driver pin 'GND' [C:/FPGA_project/RV32I_WSC/RV32I_WSC.srcs/sources_1/new/IFID_reg.v:19]
CRITICAL WARNING: [Synth 8-6858] multi-driven net program_counter_reg[25] is connected to at least one constant driver which has been preserved, other driver is ignored [C:/FPGA_project/RV32I_WSC/RV32I_WSC.srcs/sources_1/new/IFID_reg.v:19]
CRITICAL WARNING: [Synth 8-6859] multi-driven net on pin program_counter_reg[24] with 1st driver pin 'inst/program_counter_reg[24]/Q' [C:/FPGA_project/RV32I_WSC/RV32I_WSC.srcs/sources_1/new/IFID_reg.v:19]
CRITICAL WARNING: [Synth 8-6859] multi-driven net on pin program_counter_reg[24] with 2nd driver pin 'GND' [C:/FPGA_project/RV32I_WSC/RV32I_WSC.srcs/sources_1/new/IFID_reg.v:19]
CRITICAL WARNING: [Synth 8-6858] multi-driven net program_counter_reg[24] is connected to at least one constant driver which has been preserved, other driver is ignored [C:/FPGA_project/RV32I_WSC/RV32I_WSC.srcs/sources_1/new/IFID_reg.v:19]
CRITICAL WARNING: [Synth 8-6859] multi-driven net on pin program_counter_reg[23] with 1st driver pin 'inst/program_counter_reg[23]/Q' [C:/FPGA_project/RV32I_WSC/RV32I_WSC.srcs/sources_1/new/IFID_reg.v:19]
CRITICAL WARNING: [Synth 8-6859] multi-driven net on pin program_counter_reg[23] with 2nd driver pin 'GND' [C:/FPGA_project/RV32I_WSC/RV32I_WSC.srcs/sources_1/new/IFID_reg.v:19]
CRITICAL WARNING: [Synth 8-6858] multi-driven net program_counter_reg[23] is connected to at least one constant driver which has been preserved, other driver is ignored [C:/FPGA_project/RV32I_WSC/RV32I_WSC.srcs/sources_1/new/IFID_reg.v:19]
CRITICAL WARNING: [Synth 8-6859] multi-driven net on pin program_counter_reg[22] with 1st driver pin 'inst/program_counter_reg[22]/Q' [C:/FPGA_project/RV32I_WSC/RV32I_WSC.srcs/sources_1/new/IFID_reg.v:19]
CRITICAL WARNING: [Synth 8-6859] multi-driven net on pin program_counter_reg[22] with 2nd driver pin 'GND' [C:/FPGA_project/RV32I_WSC/RV32I_WSC.srcs/sources_1/new/IFID_reg.v:19]
CRITICAL WARNING: [Synth 8-6858] multi-driven net program_counter_reg[22] is connected to at least one constant driver which has been preserved, other driver is ignored [C:/FPGA_project/RV32I_WSC/RV32I_WSC.srcs/sources_1/new/IFID_reg.v:19]
CRITICAL WARNING: [Synth 8-6859] multi-driven net on pin program_counter_reg[21] with 1st driver pin 'inst/program_counter_reg[21]/Q' [C:/FPGA_project/RV32I_WSC/RV32I_WSC.srcs/sources_1/new/IFID_reg.v:19]
CRITICAL WARNING: [Synth 8-6859] multi-driven net on pin program_counter_reg[21] with 2nd driver pin 'GND' [C:/FPGA_project/RV32I_WSC/RV32I_WSC.srcs/sources_1/new/IFID_reg.v:19]
CRITICAL WARNING: [Synth 8-6858] multi-driven net program_counter_reg[21] is connected to at least one constant driver which has been preserved, other driver is ignored [C:/FPGA_project/RV32I_WSC/RV32I_WSC.srcs/sources_1/new/IFID_reg.v:19]
CRITICAL WARNING: [Synth 8-6859] multi-driven net on pin program_counter_reg[20] with 1st driver pin 'inst/program_counter_reg[20]/Q' [C:/FPGA_project/RV32I_WSC/RV32I_WSC.srcs/sources_1/new/IFID_reg.v:19]
CRITICAL WARNING: [Synth 8-6859] multi-driven net on pin program_counter_reg[20] with 2nd driver pin 'GND' [C:/FPGA_project/RV32I_WSC/RV32I_WSC.srcs/sources_1/new/IFID_reg.v:19]
CRITICAL WARNING: [Synth 8-6858] multi-driven net program_counter_reg[20] is connected to at least one constant driver which has been preserved, other driver is ignored [C:/FPGA_project/RV32I_WSC/RV32I_WSC.srcs/sources_1/new/IFID_reg.v:19]
CRITICAL WARNING: [Synth 8-6859] multi-driven net on pin program_counter_reg[19] with 1st driver pin 'inst/program_counter_reg[19]/Q' [C:/FPGA_project/RV32I_WSC/RV32I_WSC.srcs/sources_1/new/IFID_reg.v:19]
CRITICAL WARNING: [Synth 8-6859] multi-driven net on pin program_counter_reg[19] with 2nd driver pin 'GND' [C:/FPGA_project/RV32I_WSC/RV32I_WSC.srcs/sources_1/new/IFID_reg.v:19]
CRITICAL WARNING: [Synth 8-6858] multi-driven net program_counter_reg[19] is connected to at least one constant driver which has been preserved, other driver is ignored [C:/FPGA_project/RV32I_WSC/RV32I_WSC.srcs/sources_1/new/IFID_reg.v:19]
CRITICAL WARNING: [Synth 8-6859] multi-driven net on pin program_counter_reg[18] with 1st driver pin 'inst/program_counter_reg[18]/Q' [C:/FPGA_project/RV32I_WSC/RV32I_WSC.srcs/sources_1/new/IFID_reg.v:19]
CRITICAL WARNING: [Synth 8-6859] multi-driven net on pin program_counter_reg[18] with 2nd driver pin 'GND' [C:/FPGA_project/RV32I_WSC/RV32I_WSC.srcs/sources_1/new/IFID_reg.v:19]
CRITICAL WARNING: [Synth 8-6858] multi-driven net program_counter_reg[18] is connected to at least one constant driver which has been preserved, other driver is ignored [C:/FPGA_project/RV32I_WSC/RV32I_WSC.srcs/sources_1/new/IFID_reg.v:19]
CRITICAL WARNING: [Synth 8-6859] multi-driven net on pin program_counter_reg[17] with 1st driver pin 'inst/program_counter_reg[17]/Q' [C:/FPGA_project/RV32I_WSC/RV32I_WSC.srcs/sources_1/new/IFID_reg.v:19]
CRITICAL WARNING: [Synth 8-6859] multi-driven net on pin program_counter_reg[17] with 2nd driver pin 'GND' [C:/FPGA_project/RV32I_WSC/RV32I_WSC.srcs/sources_1/new/IFID_reg.v:19]
CRITICAL WARNING: [Synth 8-6858] multi-driven net program_counter_reg[17] is connected to at least one constant driver which has been preserved, other driver is ignored [C:/FPGA_project/RV32I_WSC/RV32I_WSC.srcs/sources_1/new/IFID_reg.v:19]
CRITICAL WARNING: [Synth 8-6859] multi-driven net on pin program_counter_reg[16] with 1st driver pin 'inst/program_counter_reg[16]/Q' [C:/FPGA_project/RV32I_WSC/RV32I_WSC.srcs/sources_1/new/IFID_reg.v:19]
CRITICAL WARNING: [Synth 8-6859] multi-driven net on pin program_counter_reg[16] with 2nd driver pin 'GND' [C:/FPGA_project/RV32I_WSC/RV32I_WSC.srcs/sources_1/new/IFID_reg.v:19]
CRITICAL WARNING: [Synth 8-6858] multi-driven net program_counter_reg[16] is connected to at least one constant driver which has been preserved, other driver is ignored [C:/FPGA_project/RV32I_WSC/RV32I_WSC.srcs/sources_1/new/IFID_reg.v:19]
CRITICAL WARNING: [Synth 8-6859] multi-driven net on pin program_counter_reg[15] with 1st driver pin 'inst/program_counter_reg[15]/Q' [C:/FPGA_project/RV32I_WSC/RV32I_WSC.srcs/sources_1/new/IFID_reg.v:19]
CRITICAL WARNING: [Synth 8-6859] multi-driven net on pin program_counter_reg[15] with 2nd driver pin 'GND' [C:/FPGA_project/RV32I_WSC/RV32I_WSC.srcs/sources_1/new/IFID_reg.v:19]
CRITICAL WARNING: [Synth 8-6858] multi-driven net program_counter_reg[15] is connected to at least one constant driver which has been preserved, other driver is ignored [C:/FPGA_project/RV32I_WSC/RV32I_WSC.srcs/sources_1/new/IFID_reg.v:19]
CRITICAL WARNING: [Synth 8-6859] multi-driven net on pin program_counter_reg[14] with 1st driver pin 'inst/program_counter_reg[14]/Q' [C:/FPGA_project/RV32I_WSC/RV32I_WSC.srcs/sources_1/new/IFID_reg.v:19]
CRITICAL WARNING: [Synth 8-6859] multi-driven net on pin program_counter_reg[14] with 2nd driver pin 'GND' [C:/FPGA_project/RV32I_WSC/RV32I_WSC.srcs/sources_1/new/IFID_reg.v:19]
CRITICAL WARNING: [Synth 8-6858] multi-driven net program_counter_reg[14] is connected to at least one constant driver which has been preserved, other driver is ignored [C:/FPGA_project/RV32I_WSC/RV32I_WSC.srcs/sources_1/new/IFID_reg.v:19]
CRITICAL WARNING: [Synth 8-6859] multi-driven net on pin program_counter_reg[13] with 1st driver pin 'inst/program_counter_reg[13]/Q' [C:/FPGA_project/RV32I_WSC/RV32I_WSC.srcs/sources_1/new/IFID_reg.v:19]
CRITICAL WARNING: [Synth 8-6859] multi-driven net on pin program_counter_reg[13] with 2nd driver pin 'GND' [C:/FPGA_project/RV32I_WSC/RV32I_WSC.srcs/sources_1/new/IFID_reg.v:19]
CRITICAL WARNING: [Synth 8-6858] multi-driven net program_counter_reg[13] is connected to at least one constant driver which has been preserved, other driver is ignored [C:/FPGA_project/RV32I_WSC/RV32I_WSC.srcs/sources_1/new/IFID_reg.v:19]
CRITICAL WARNING: [Synth 8-6859] multi-driven net on pin program_counter_reg[12] with 1st driver pin 'inst/program_counter_reg[12]/Q' [C:/FPGA_project/RV32I_WSC/RV32I_WSC.srcs/sources_1/new/IFID_reg.v:19]
CRITICAL WARNING: [Synth 8-6859] multi-driven net on pin program_counter_reg[12] with 2nd driver pin 'GND' [C:/FPGA_project/RV32I_WSC/RV32I_WSC.srcs/sources_1/new/IFID_reg.v:19]
CRITICAL WARNING: [Synth 8-6858] multi-driven net program_counter_reg[12] is connected to at least one constant driver which has been preserved, other driver is ignored [C:/FPGA_project/RV32I_WSC/RV32I_WSC.srcs/sources_1/new/IFID_reg.v:19]
CRITICAL WARNING: [Synth 8-6859] multi-driven net on pin program_counter_reg[11] with 1st driver pin 'inst/program_counter_reg[11]/Q' [C:/FPGA_project/RV32I_WSC/RV32I_WSC.srcs/sources_1/new/IFID_reg.v:19]
CRITICAL WARNING: [Synth 8-6859] multi-driven net on pin program_counter_reg[11] with 2nd driver pin 'GND' [C:/FPGA_project/RV32I_WSC/RV32I_WSC.srcs/sources_1/new/IFID_reg.v:19]
CRITICAL WARNING: [Synth 8-6858] multi-driven net program_counter_reg[11] is connected to at least one constant driver which has been preserved, other driver is ignored [C:/FPGA_project/RV32I_WSC/RV32I_WSC.srcs/sources_1/new/IFID_reg.v:19]
CRITICAL WARNING: [Synth 8-6859] multi-driven net on pin program_counter_reg[10] with 1st driver pin 'inst/program_counter_reg[10]/Q' [C:/FPGA_project/RV32I_WSC/RV32I_WSC.srcs/sources_1/new/IFID_reg.v:19]
CRITICAL WARNING: [Synth 8-6859] multi-driven net on pin program_counter_reg[10] with 2nd driver pin 'GND' [C:/FPGA_project/RV32I_WSC/RV32I_WSC.srcs/sources_1/new/IFID_reg.v:19]
CRITICAL WARNING: [Synth 8-6858] multi-driven net program_counter_reg[10] is connected to at least one constant driver which has been preserved, other driver is ignored [C:/FPGA_project/RV32I_WSC/RV32I_WSC.srcs/sources_1/new/IFID_reg.v:19]
CRITICAL WARNING: [Synth 8-6859] multi-driven net on pin program_counter_reg[9] with 1st driver pin 'inst/program_counter_reg[9]/Q' [C:/FPGA_project/RV32I_WSC/RV32I_WSC.srcs/sources_1/new/IFID_reg.v:19]
CRITICAL WARNING: [Synth 8-6859] multi-driven net on pin program_counter_reg[9] with 2nd driver pin 'GND' [C:/FPGA_project/RV32I_WSC/RV32I_WSC.srcs/sources_1/new/IFID_reg.v:19]
CRITICAL WARNING: [Synth 8-6858] multi-driven net program_counter_reg[9] is connected to at least one constant driver which has been preserved, other driver is ignored [C:/FPGA_project/RV32I_WSC/RV32I_WSC.srcs/sources_1/new/IFID_reg.v:19]
CRITICAL WARNING: [Synth 8-6859] multi-driven net on pin program_counter_reg[8] with 1st driver pin 'inst/program_counter_reg[8]/Q' [C:/FPGA_project/RV32I_WSC/RV32I_WSC.srcs/sources_1/new/IFID_reg.v:19]
CRITICAL WARNING: [Synth 8-6859] multi-driven net on pin program_counter_reg[8] with 2nd driver pin 'GND' [C:/FPGA_project/RV32I_WSC/RV32I_WSC.srcs/sources_1/new/IFID_reg.v:19]
CRITICAL WARNING: [Synth 8-6858] multi-driven net program_counter_reg[8] is connected to at least one constant driver which has been preserved, other driver is ignored [C:/FPGA_project/RV32I_WSC/RV32I_WSC.srcs/sources_1/new/IFID_reg.v:19]
CRITICAL WARNING: [Synth 8-6859] multi-driven net on pin program_counter_reg[7] with 1st driver pin 'inst/program_counter_reg[7]/Q' [C:/FPGA_project/RV32I_WSC/RV32I_WSC.srcs/sources_1/new/IFID_reg.v:19]
CRITICAL WARNING: [Synth 8-6859] multi-driven net on pin program_counter_reg[7] with 2nd driver pin 'GND' [C:/FPGA_project/RV32I_WSC/RV32I_WSC.srcs/sources_1/new/IFID_reg.v:19]
CRITICAL WARNING: [Synth 8-6858] multi-driven net program_counter_reg[7] is connected to at least one constant driver which has been preserved, other driver is ignored [C:/FPGA_project/RV32I_WSC/RV32I_WSC.srcs/sources_1/new/IFID_reg.v:19]
CRITICAL WARNING: [Synth 8-6859] multi-driven net on pin program_counter_reg[6] with 1st driver pin 'inst/program_counter_reg[6]/Q' [C:/FPGA_project/RV32I_WSC/RV32I_WSC.srcs/sources_1/new/IFID_reg.v:19]
CRITICAL WARNING: [Synth 8-6859] multi-driven net on pin program_counter_reg[6] with 2nd driver pin 'GND' [C:/FPGA_project/RV32I_WSC/RV32I_WSC.srcs/sources_1/new/IFID_reg.v:19]
CRITICAL WARNING: [Synth 8-6858] multi-driven net program_counter_reg[6] is connected to at least one constant driver which has been preserved, other driver is ignored [C:/FPGA_project/RV32I_WSC/RV32I_WSC.srcs/sources_1/new/IFID_reg.v:19]
CRITICAL WARNING: [Synth 8-6859] multi-driven net on pin program_counter_reg[5] with 1st driver pin 'inst/program_counter_reg[5]/Q' [C:/FPGA_project/RV32I_WSC/RV32I_WSC.srcs/sources_1/new/IFID_reg.v:19]
CRITICAL WARNING: [Synth 8-6859] multi-driven net on pin program_counter_reg[5] with 2nd driver pin 'GND' [C:/FPGA_project/RV32I_WSC/RV32I_WSC.srcs/sources_1/new/IFID_reg.v:19]
CRITICAL WARNING: [Synth 8-6858] multi-driven net program_counter_reg[5] is connected to at least one constant driver which has been preserved, other driver is ignored [C:/FPGA_project/RV32I_WSC/RV32I_WSC.srcs/sources_1/new/IFID_reg.v:19]
CRITICAL WARNING: [Synth 8-6859] multi-driven net on pin program_counter_reg[4] with 1st driver pin 'inst/program_counter_reg[4]/Q' [C:/FPGA_project/RV32I_WSC/RV32I_WSC.srcs/sources_1/new/IFID_reg.v:19]
CRITICAL WARNING: [Synth 8-6859] multi-driven net on pin program_counter_reg[4] with 2nd driver pin 'GND' [C:/FPGA_project/RV32I_WSC/RV32I_WSC.srcs/sources_1/new/IFID_reg.v:19]
CRITICAL WARNING: [Synth 8-6858] multi-driven net program_counter_reg[4] is connected to at least one constant driver which has been preserved, other driver is ignored [C:/FPGA_project/RV32I_WSC/RV32I_WSC.srcs/sources_1/new/IFID_reg.v:19]
CRITICAL WARNING: [Synth 8-6859] multi-driven net on pin program_counter_reg[3] with 1st driver pin 'inst/program_counter_reg[3]/Q' [C:/FPGA_project/RV32I_WSC/RV32I_WSC.srcs/sources_1/new/IFID_reg.v:19]
CRITICAL WARNING: [Synth 8-6859] multi-driven net on pin program_counter_reg[3] with 2nd driver pin 'GND' [C:/FPGA_project/RV32I_WSC/RV32I_WSC.srcs/sources_1/new/IFID_reg.v:19]
CRITICAL WARNING: [Synth 8-6858] multi-driven net program_counter_reg[3] is connected to at least one constant driver which has been preserved, other driver is ignored [C:/FPGA_project/RV32I_WSC/RV32I_WSC.srcs/sources_1/new/IFID_reg.v:19]
CRITICAL WARNING: [Synth 8-6859] multi-driven net on pin program_counter_reg[2] with 1st driver pin 'inst/program_counter_reg[2]/Q' [C:/FPGA_project/RV32I_WSC/RV32I_WSC.srcs/sources_1/new/IFID_reg.v:19]
CRITICAL WARNING: [Synth 8-6859] multi-driven net on pin program_counter_reg[2] with 2nd driver pin 'GND' [C:/FPGA_project/RV32I_WSC/RV32I_WSC.srcs/sources_1/new/IFID_reg.v:19]
CRITICAL WARNING: [Synth 8-6858] multi-driven net program_counter_reg[2] is connected to at least one constant driver which has been preserved, other driver is ignored [C:/FPGA_project/RV32I_WSC/RV32I_WSC.srcs/sources_1/new/IFID_reg.v:19]
CRITICAL WARNING: [Synth 8-6859] multi-driven net on pin program_counter_reg[1] with 1st driver pin 'inst/program_counter_reg[1]/Q' [C:/FPGA_project/RV32I_WSC/RV32I_WSC.srcs/sources_1/new/IFID_reg.v:19]
CRITICAL WARNING: [Synth 8-6859] multi-driven net on pin program_counter_reg[1] with 2nd driver pin 'GND' [C:/FPGA_project/RV32I_WSC/RV32I_WSC.srcs/sources_1/new/IFID_reg.v:19]
CRITICAL WARNING: [Synth 8-6858] multi-driven net program_counter_reg[1] is connected to at least one constant driver which has been preserved, other driver is ignored [C:/FPGA_project/RV32I_WSC/RV32I_WSC.srcs/sources_1/new/IFID_reg.v:19]
CRITICAL WARNING: [Synth 8-6859] multi-driven net on pin program_counter_reg[0] with 1st driver pin 'inst/program_counter_reg[0]/Q' [C:/FPGA_project/RV32I_WSC/RV32I_WSC.srcs/sources_1/new/IFID_reg.v:19]
CRITICAL WARNING: [Synth 8-6859] multi-driven net on pin program_counter_reg[0] with 2nd driver pin 'GND' [C:/FPGA_project/RV32I_WSC/RV32I_WSC.srcs/sources_1/new/IFID_reg.v:19]
CRITICAL WARNING: [Synth 8-6858] multi-driven net program_counter_reg[0] is connected to at least one constant driver which has been preserved, other driver is ignored [C:/FPGA_project/RV32I_WSC/RV32I_WSC.srcs/sources_1/new/IFID_reg.v:19]
CRITICAL WARNING: [Synth 8-6859] multi-driven net on pin instruction_reg[31] with 1st driver pin 'inst/instruction_reg[31]/Q' [C:/FPGA_project/RV32I_WSC/RV32I_WSC.srcs/sources_1/new/IFID_reg.v:20]
CRITICAL WARNING: [Synth 8-6859] multi-driven net on pin instruction_reg[31] with 2nd driver pin 'GND' [C:/FPGA_project/RV32I_WSC/RV32I_WSC.srcs/sources_1/new/IFID_reg.v:20]
CRITICAL WARNING: [Synth 8-6858] multi-driven net instruction_reg[31] is connected to at least one constant driver which has been preserved, other driver is ignored [C:/FPGA_project/RV32I_WSC/RV32I_WSC.srcs/sources_1/new/IFID_reg.v:20]
CRITICAL WARNING: [Synth 8-6859] multi-driven net on pin instruction_reg[30] with 1st driver pin 'inst/instruction_reg[30]/Q' [C:/FPGA_project/RV32I_WSC/RV32I_WSC.srcs/sources_1/new/IFID_reg.v:20]
CRITICAL WARNING: [Synth 8-6859] multi-driven net on pin instruction_reg[30] with 2nd driver pin 'GND' [C:/FPGA_project/RV32I_WSC/RV32I_WSC.srcs/sources_1/new/IFID_reg.v:20]
CRITICAL WARNING: [Synth 8-6858] multi-driven net instruction_reg[30] is connected to at least one constant driver which has been preserved, other driver is ignored [C:/FPGA_project/RV32I_WSC/RV32I_WSC.srcs/sources_1/new/IFID_reg.v:20]
CRITICAL WARNING: [Synth 8-6859] multi-driven net on pin instruction_reg[29] with 1st driver pin 'inst/instruction_reg[29]/Q' [C:/FPGA_project/RV32I_WSC/RV32I_WSC.srcs/sources_1/new/IFID_reg.v:20]
CRITICAL WARNING: [Synth 8-6859] multi-driven net on pin instruction_reg[29] with 2nd driver pin 'GND' [C:/FPGA_project/RV32I_WSC/RV32I_WSC.srcs/sources_1/new/IFID_reg.v:20]
CRITICAL WARNING: [Synth 8-6858] multi-driven net instruction_reg[29] is connected to at least one constant driver which has been preserved, other driver is ignored [C:/FPGA_project/RV32I_WSC/RV32I_WSC.srcs/sources_1/new/IFID_reg.v:20]
CRITICAL WARNING: [Synth 8-6859] multi-driven net on pin instruction_reg[28] with 1st driver pin 'inst/instruction_reg[28]/Q' [C:/FPGA_project/RV32I_WSC/RV32I_WSC.srcs/sources_1/new/IFID_reg.v:20]
CRITICAL WARNING: [Synth 8-6859] multi-driven net on pin instruction_reg[28] with 2nd driver pin 'GND' [C:/FPGA_project/RV32I_WSC/RV32I_WSC.srcs/sources_1/new/IFID_reg.v:20]
CRITICAL WARNING: [Synth 8-6858] multi-driven net instruction_reg[28] is connected to at least one constant driver which has been preserved, other driver is ignored [C:/FPGA_project/RV32I_WSC/RV32I_WSC.srcs/sources_1/new/IFID_reg.v:20]
CRITICAL WARNING: [Synth 8-6859] multi-driven net on pin instruction_reg[27] with 1st driver pin 'inst/instruction_reg[27]/Q' [C:/FPGA_project/RV32I_WSC/RV32I_WSC.srcs/sources_1/new/IFID_reg.v:20]
CRITICAL WARNING: [Synth 8-6859] multi-driven net on pin instruction_reg[27] with 2nd driver pin 'GND' [C:/FPGA_project/RV32I_WSC/RV32I_WSC.srcs/sources_1/new/IFID_reg.v:20]
CRITICAL WARNING: [Synth 8-6858] multi-driven net instruction_reg[27] is connected to at least one constant driver which has been preserved, other driver is ignored [C:/FPGA_project/RV32I_WSC/RV32I_WSC.srcs/sources_1/new/IFID_reg.v:20]
CRITICAL WARNING: [Synth 8-6859] multi-driven net on pin instruction_reg[26] with 1st driver pin 'inst/instruction_reg[26]/Q' [C:/FPGA_project/RV32I_WSC/RV32I_WSC.srcs/sources_1/new/IFID_reg.v:20]
CRITICAL WARNING: [Synth 8-6859] multi-driven net on pin instruction_reg[26] with 2nd driver pin 'GND' [C:/FPGA_project/RV32I_WSC/RV32I_WSC.srcs/sources_1/new/IFID_reg.v:20]
CRITICAL WARNING: [Synth 8-6858] multi-driven net instruction_reg[26] is connected to at least one constant driver which has been preserved, other driver is ignored [C:/FPGA_project/RV32I_WSC/RV32I_WSC.srcs/sources_1/new/IFID_reg.v:20]
CRITICAL WARNING: [Synth 8-6859] multi-driven net on pin instruction_reg[25] with 1st driver pin 'inst/instruction_reg[25]/Q' [C:/FPGA_project/RV32I_WSC/RV32I_WSC.srcs/sources_1/new/IFID_reg.v:20]
CRITICAL WARNING: [Synth 8-6859] multi-driven net on pin instruction_reg[25] with 2nd driver pin 'GND' [C:/FPGA_project/RV32I_WSC/RV32I_WSC.srcs/sources_1/new/IFID_reg.v:20]
CRITICAL WARNING: [Synth 8-6858] multi-driven net instruction_reg[25] is connected to at least one constant driver which has been preserved, other driver is ignored [C:/FPGA_project/RV32I_WSC/RV32I_WSC.srcs/sources_1/new/IFID_reg.v:20]
CRITICAL WARNING: [Synth 8-6859] multi-driven net on pin instruction_reg[24] with 1st driver pin 'inst/instruction_reg[24]/Q' [C:/FPGA_project/RV32I_WSC/RV32I_WSC.srcs/sources_1/new/IFID_reg.v:20]
CRITICAL WARNING: [Synth 8-6859] multi-driven net on pin instruction_reg[24] with 2nd driver pin 'GND' [C:/FPGA_project/RV32I_WSC/RV32I_WSC.srcs/sources_1/new/IFID_reg.v:20]
CRITICAL WARNING: [Synth 8-6858] multi-driven net instruction_reg[24] is connected to at least one constant driver which has been preserved, other driver is ignored [C:/FPGA_project/RV32I_WSC/RV32I_WSC.srcs/sources_1/new/IFID_reg.v:20]
CRITICAL WARNING: [Synth 8-6859] multi-driven net on pin instruction_reg[23] with 1st driver pin 'inst/instruction_reg[23]/Q' [C:/FPGA_project/RV32I_WSC/RV32I_WSC.srcs/sources_1/new/IFID_reg.v:20]
CRITICAL WARNING: [Synth 8-6859] multi-driven net on pin instruction_reg[23] with 2nd driver pin 'GND' [C:/FPGA_project/RV32I_WSC/RV32I_WSC.srcs/sources_1/new/IFID_reg.v:20]
CRITICAL WARNING: [Synth 8-6858] multi-driven net instruction_reg[23] is connected to at least one constant driver which has been preserved, other driver is ignored [C:/FPGA_project/RV32I_WSC/RV32I_WSC.srcs/sources_1/new/IFID_reg.v:20]
CRITICAL WARNING: [Synth 8-6859] multi-driven net on pin instruction_reg[22] with 1st driver pin 'inst/instruction_reg[22]/Q' [C:/FPGA_project/RV32I_WSC/RV32I_WSC.srcs/sources_1/new/IFID_reg.v:20]
CRITICAL WARNING: [Synth 8-6859] multi-driven net on pin instruction_reg[22] with 2nd driver pin 'GND' [C:/FPGA_project/RV32I_WSC/RV32I_WSC.srcs/sources_1/new/IFID_reg.v:20]
CRITICAL WARNING: [Synth 8-6858] multi-driven net instruction_reg[22] is connected to at least one constant driver which has been preserved, other driver is ignored [C:/FPGA_project/RV32I_WSC/RV32I_WSC.srcs/sources_1/new/IFID_reg.v:20]
CRITICAL WARNING: [Synth 8-6859] multi-driven net on pin instruction_reg[21] with 1st driver pin 'inst/instruction_reg[21]/Q' [C:/FPGA_project/RV32I_WSC/RV32I_WSC.srcs/sources_1/new/IFID_reg.v:20]
CRITICAL WARNING: [Synth 8-6859] multi-driven net on pin instruction_reg[21] with 2nd driver pin 'GND' [C:/FPGA_project/RV32I_WSC/RV32I_WSC.srcs/sources_1/new/IFID_reg.v:20]
CRITICAL WARNING: [Synth 8-6858] multi-driven net instruction_reg[21] is connected to at least one constant driver which has been preserved, other driver is ignored [C:/FPGA_project/RV32I_WSC/RV32I_WSC.srcs/sources_1/new/IFID_reg.v:20]
CRITICAL WARNING: [Synth 8-6859] multi-driven net on pin instruction_reg[20] with 1st driver pin 'inst/instruction_reg[20]/Q' [C:/FPGA_project/RV32I_WSC/RV32I_WSC.srcs/sources_1/new/IFID_reg.v:20]
CRITICAL WARNING: [Synth 8-6859] multi-driven net on pin instruction_reg[20] with 2nd driver pin 'GND' [C:/FPGA_project/RV32I_WSC/RV32I_WSC.srcs/sources_1/new/IFID_reg.v:20]
CRITICAL WARNING: [Synth 8-6858] multi-driven net instruction_reg[20] is connected to at least one constant driver which has been preserved, other driver is ignored [C:/FPGA_project/RV32I_WSC/RV32I_WSC.srcs/sources_1/new/IFID_reg.v:20]
CRITICAL WARNING: [Synth 8-6859] multi-driven net on pin instruction_reg[19] with 1st driver pin 'inst/instruction_reg[19]/Q' [C:/FPGA_project/RV32I_WSC/RV32I_WSC.srcs/sources_1/new/IFID_reg.v:20]
CRITICAL WARNING: [Synth 8-6859] multi-driven net on pin instruction_reg[19] with 2nd driver pin 'GND' [C:/FPGA_project/RV32I_WSC/RV32I_WSC.srcs/sources_1/new/IFID_reg.v:20]
CRITICAL WARNING: [Synth 8-6858] multi-driven net instruction_reg[19] is connected to at least one constant driver which has been preserved, other driver is ignored [C:/FPGA_project/RV32I_WSC/RV32I_WSC.srcs/sources_1/new/IFID_reg.v:20]
CRITICAL WARNING: [Synth 8-6859] multi-driven net on pin instruction_reg[18] with 1st driver pin 'inst/instruction_reg[18]/Q' [C:/FPGA_project/RV32I_WSC/RV32I_WSC.srcs/sources_1/new/IFID_reg.v:20]
CRITICAL WARNING: [Synth 8-6859] multi-driven net on pin instruction_reg[18] with 2nd driver pin 'GND' [C:/FPGA_project/RV32I_WSC/RV32I_WSC.srcs/sources_1/new/IFID_reg.v:20]
CRITICAL WARNING: [Synth 8-6858] multi-driven net instruction_reg[18] is connected to at least one constant driver which has been preserved, other driver is ignored [C:/FPGA_project/RV32I_WSC/RV32I_WSC.srcs/sources_1/new/IFID_reg.v:20]
CRITICAL WARNING: [Synth 8-6859] multi-driven net on pin instruction_reg[17] with 1st driver pin 'inst/instruction_reg[17]/Q' [C:/FPGA_project/RV32I_WSC/RV32I_WSC.srcs/sources_1/new/IFID_reg.v:20]
CRITICAL WARNING: [Synth 8-6859] multi-driven net on pin instruction_reg[17] with 2nd driver pin 'GND' [C:/FPGA_project/RV32I_WSC/RV32I_WSC.srcs/sources_1/new/IFID_reg.v:20]
CRITICAL WARNING: [Synth 8-6858] multi-driven net instruction_reg[17] is connected to at least one constant driver which has been preserved, other driver is ignored [C:/FPGA_project/RV32I_WSC/RV32I_WSC.srcs/sources_1/new/IFID_reg.v:20]
CRITICAL WARNING: [Synth 8-6859] multi-driven net on pin instruction_reg[16] with 1st driver pin 'inst/instruction_reg[16]/Q' [C:/FPGA_project/RV32I_WSC/RV32I_WSC.srcs/sources_1/new/IFID_reg.v:20]
CRITICAL WARNING: [Synth 8-6859] multi-driven net on pin instruction_reg[16] with 2nd driver pin 'GND' [C:/FPGA_project/RV32I_WSC/RV32I_WSC.srcs/sources_1/new/IFID_reg.v:20]
CRITICAL WARNING: [Synth 8-6858] multi-driven net instruction_reg[16] is connected to at least one constant driver which has been preserved, other driver is ignored [C:/FPGA_project/RV32I_WSC/RV32I_WSC.srcs/sources_1/new/IFID_reg.v:20]
CRITICAL WARNING: [Synth 8-6859] multi-driven net on pin instruction_reg[15] with 1st driver pin 'inst/instruction_reg[15]/Q' [C:/FPGA_project/RV32I_WSC/RV32I_WSC.srcs/sources_1/new/IFID_reg.v:20]
CRITICAL WARNING: [Synth 8-6859] multi-driven net on pin instruction_reg[15] with 2nd driver pin 'GND' [C:/FPGA_project/RV32I_WSC/RV32I_WSC.srcs/sources_1/new/IFID_reg.v:20]
CRITICAL WARNING: [Synth 8-6858] multi-driven net instruction_reg[15] is connected to at least one constant driver which has been preserved, other driver is ignored [C:/FPGA_project/RV32I_WSC/RV32I_WSC.srcs/sources_1/new/IFID_reg.v:20]
CRITICAL WARNING: [Synth 8-6859] multi-driven net on pin instruction_reg[14] with 1st driver pin 'inst/instruction_reg[14]/Q' [C:/FPGA_project/RV32I_WSC/RV32I_WSC.srcs/sources_1/new/IFID_reg.v:20]
CRITICAL WARNING: [Synth 8-6859] multi-driven net on pin instruction_reg[14] with 2nd driver pin 'GND' [C:/FPGA_project/RV32I_WSC/RV32I_WSC.srcs/sources_1/new/IFID_reg.v:20]
INFO: [Common 17-14] Message 'Synth 8-6859' appears 100 times and further instances of the messages will be disabled. Use the Tcl command set_msg_config to change the current settings.
CRITICAL WARNING: [Synth 8-6858] multi-driven net instruction_reg[14] is connected to at least one constant driver which has been preserved, other driver is ignored [C:/FPGA_project/RV32I_WSC/RV32I_WSC.srcs/sources_1/new/IFID_reg.v:20]
CRITICAL WARNING: [Synth 8-6858] multi-driven net instruction_reg[13] is connected to at least one constant driver which has been preserved, other driver is ignored [C:/FPGA_project/RV32I_WSC/RV32I_WSC.srcs/sources_1/new/IFID_reg.v:20]
CRITICAL WARNING: [Synth 8-6858] multi-driven net instruction_reg[12] is connected to at least one constant driver which has been preserved, other driver is ignored [C:/FPGA_project/RV32I_WSC/RV32I_WSC.srcs/sources_1/new/IFID_reg.v:20]
CRITICAL WARNING: [Synth 8-6858] multi-driven net instruction_reg[11] is connected to at least one constant driver which has been preserved, other driver is ignored [C:/FPGA_project/RV32I_WSC/RV32I_WSC.srcs/sources_1/new/IFID_reg.v:20]
CRITICAL WARNING: [Synth 8-6858] multi-driven net instruction_reg[10] is connected to at least one constant driver which has been preserved, other driver is ignored [C:/FPGA_project/RV32I_WSC/RV32I_WSC.srcs/sources_1/new/IFID_reg.v:20]
CRITICAL WARNING: [Synth 8-6858] multi-driven net instruction_reg[9] is connected to at least one constant driver which has been preserved, other driver is ignored [C:/FPGA_project/RV32I_WSC/RV32I_WSC.srcs/sources_1/new/IFID_reg.v:20]
CRITICAL WARNING: [Synth 8-6858] multi-driven net instruction_reg[8] is connected to at least one constant driver which has been preserved, other driver is ignored [C:/FPGA_project/RV32I_WSC/RV32I_WSC.srcs/sources_1/new/IFID_reg.v:20]
CRITICAL WARNING: [Synth 8-6858] multi-driven net instruction_reg[7] is connected to at least one constant driver which has been preserved, other driver is ignored [C:/FPGA_project/RV32I_WSC/RV32I_WSC.srcs/sources_1/new/IFID_reg.v:20]
CRITICAL WARNING: [Synth 8-6858] multi-driven net instruction_reg[6] is connected to at least one constant driver which has been preserved, other driver is ignored [C:/FPGA_project/RV32I_WSC/RV32I_WSC.srcs/sources_1/new/IFID_reg.v:20]
CRITICAL WARNING: [Synth 8-6858] multi-driven net instruction_reg[5] is connected to at least one constant driver which has been preserved, other driver is ignored [C:/FPGA_project/RV32I_WSC/RV32I_WSC.srcs/sources_1/new/IFID_reg.v:20]
CRITICAL WARNING: [Synth 8-6858] multi-driven net instruction_reg[4] is connected to at least one constant driver which has been preserved, other driver is ignored [C:/FPGA_project/RV32I_WSC/RV32I_WSC.srcs/sources_1/new/IFID_reg.v:20]
CRITICAL WARNING: [Synth 8-6858] multi-driven net instruction_reg[3] is connected to at least one constant driver which has been preserved, other driver is ignored [C:/FPGA_project/RV32I_WSC/RV32I_WSC.srcs/sources_1/new/IFID_reg.v:20]
CRITICAL WARNING: [Synth 8-6858] multi-driven net instruction_reg[2] is connected to at least one constant driver which has been preserved, other driver is ignored [C:/FPGA_project/RV32I_WSC/RV32I_WSC.srcs/sources_1/new/IFID_reg.v:20]
CRITICAL WARNING: [Synth 8-6858] multi-driven net instruction_reg[1] is connected to at least one constant driver which has been preserved, other driver is ignored [C:/FPGA_project/RV32I_WSC/RV32I_WSC.srcs/sources_1/new/IFID_reg.v:20]
CRITICAL WARNING: [Synth 8-6858] multi-driven net instruction_reg[0] is connected to at least one constant driver which has been preserved, other driver is ignored [C:/FPGA_project/RV32I_WSC/RV32I_WSC.srcs/sources_1/new/IFID_reg.v:20]
---------------------------------------------------------------------------------
Finished Cross Boundary and Area Optimization : Time (s): cpu = 00:00:04 ; elapsed = 00:00:09 . Memory (MB): peak = 1275.926 ; gain = 734.941
---------------------------------------------------------------------------------
No constraint files found.
---------------------------------------------------------------------------------
Start Timing Optimization
---------------------------------------------------------------------------------
---------------------------------------------------------------------------------
Finished Timing Optimization : Time (s): cpu = 00:00:04 ; elapsed = 00:00:09 . Memory (MB): peak = 1275.926 ; gain = 734.941
---------------------------------------------------------------------------------
---------------------------------------------------------------------------------
Start Technology Mapping
---------------------------------------------------------------------------------
---------------------------------------------------------------------------------
Finished Technology Mapping : Time (s): cpu = 00:00:04 ; elapsed = 00:00:09 . Memory (MB): peak = 1275.926 ; gain = 734.941
---------------------------------------------------------------------------------
---------------------------------------------------------------------------------
Start IO Insertion
---------------------------------------------------------------------------------
---------------------------------------------------------------------------------
Start Flattening Before IO Insertion
---------------------------------------------------------------------------------
---------------------------------------------------------------------------------
Finished Flattening Before IO Insertion
---------------------------------------------------------------------------------
---------------------------------------------------------------------------------
Start Final Netlist Cleanup
---------------------------------------------------------------------------------
---------------------------------------------------------------------------------
Finished Final Netlist Cleanup
---------------------------------------------------------------------------------
---------------------------------------------------------------------------------
Finished IO Insertion : Time (s): cpu = 00:00:05 ; elapsed = 00:00:12 . Memory (MB): peak = 1275.926 ; gain = 734.941
---------------------------------------------------------------------------------
---------------------------------------------------------------------------------
Start Renaming Generated Instances
---------------------------------------------------------------------------------
---------------------------------------------------------------------------------
Finished Renaming Generated Instances : Time (s): cpu = 00:00:05 ; elapsed = 00:00:12 . Memory (MB): peak = 1275.926 ; gain = 734.941
---------------------------------------------------------------------------------
---------------------------------------------------------------------------------
Start Rebuilding User Hierarchy
---------------------------------------------------------------------------------
---------------------------------------------------------------------------------
Finished Rebuilding User Hierarchy : Time (s): cpu = 00:00:05 ; elapsed = 00:00:12 . Memory (MB): peak = 1275.926 ; gain = 734.941
---------------------------------------------------------------------------------
---------------------------------------------------------------------------------
Start Renaming Generated Ports
---------------------------------------------------------------------------------
---------------------------------------------------------------------------------
Finished Renaming Generated Ports : Time (s): cpu = 00:00:05 ; elapsed = 00:00:12 . Memory (MB): peak = 1275.926 ; gain = 734.941
---------------------------------------------------------------------------------
---------------------------------------------------------------------------------
Start Handling Custom Attributes
---------------------------------------------------------------------------------
---------------------------------------------------------------------------------
Finished Handling Custom Attributes : Time (s): cpu = 00:00:05 ; elapsed = 00:00:12 . Memory (MB): peak = 1275.926 ; gain = 734.941
---------------------------------------------------------------------------------
---------------------------------------------------------------------------------
Start Renaming Generated Nets
---------------------------------------------------------------------------------
---------------------------------------------------------------------------------
Finished Renaming Generated Nets : Time (s): cpu = 00:00:05 ; elapsed = 00:00:12 . Memory (MB): peak = 1275.926 ; gain = 734.941
---------------------------------------------------------------------------------
---------------------------------------------------------------------------------
Start Writing Synthesis Report
---------------------------------------------------------------------------------

Report BlackBoxes: 
+-+--------------+----------+
| |BlackBox name |Instances |
+-+--------------+----------+
+-+--------------+----------+

Report Cell Usage: 
+-+-----+------+
| |Cell |Count |
+-+-----+------+
+-+-----+------+

Report Instance Areas: 
+------+---------+-------+------+
|      |Instance |Module |Cells |
+------+---------+-------+------+
|1     |top      |       |     0|
+------+---------+-------+------+
---------------------------------------------------------------------------------
Finished Writing Synthesis Report : Time (s): cpu = 00:00:05 ; elapsed = 00:00:12 . Memory (MB): peak = 1275.926 ; gain = 734.941
---------------------------------------------------------------------------------
Synthesis finished with 0 errors, 192 critical warnings and 3 warnings.
Synthesis Optimization Runtime : Time (s): cpu = 00:00:05 ; elapsed = 00:00:12 . Memory (MB): peak = 1275.926 ; gain = 734.941
Synthesis Optimization Complete : Time (s): cpu = 00:00:05 ; elapsed = 00:00:12 . Memory (MB): peak = 1275.926 ; gain = 734.941
INFO: [Project 1-571] Translating synthesized netlist
Netlist sorting complete. Time (s): cpu = 00:00:00 ; elapsed = 00:00:00 . Memory (MB): peak = 1275.926 ; gain = 0.000
INFO: [Project 1-570] Preparing netlist for logic optimization
INFO: [Opt 31-138] Pushed 0 inverter(s) to 0 load pin(s).
Netlist sorting complete. Time (s): cpu = 00:00:00 ; elapsed = 00:00:00 . Memory (MB): peak = 1377.008 ; gain = 0.000
INFO: [Project 1-111] Unisim Transformation Summary:
No Unisim elements were transformed.

Synth Design complete | Checksum: 189f0b11
INFO: [Common 17-83] Releasing license: Synthesis
84 Infos, 3 Warnings, 164 Critical Warnings and 0 Errors encountered.
synth_design completed successfully
synth_design: Time (s): cpu = 00:00:06 ; elapsed = 00:00:13 . Memory (MB): peak = 1382.051 ; gain = 847.031
INFO: [runtcl-6] Synthesis results are not added to the cache due to CRITICAL_WARNING
INFO: [Timing 38-35] Done setting XDC timing constraints.
INFO: [Common 17-1381] The checkpoint 'C:/FPGA_project/RV32I_WSC/RV32I_WSC.runs/RV32I_WSC_reg_IFID_0_0_synth_1/RV32I_WSC_reg_IFID_0_0.dcp' has been generated.
INFO: [Vivado 12-24828] Executing command : report_utilization -file RV32I_WSC_reg_IFID_0_0_utilization_synth.rpt -pb RV32I_WSC_reg_IFID_0_0_utilization_synth.pb
INFO: [Common 17-206] Exiting Vivado at Tue Feb  4 17:46:46 2025...
