
*** Running vivado
    with args -log RV32I_WSC_Memory_0_0.vds -m64 -product Vivado -mode batch -messageDb vivado.pb -notrace -source RV32I_WSC_Memory_0_0.tcl



****** Vivado v2024.1 (64-bit)
  **** SW Build 5076996 on Wed May 22 18:37:14 MDT 2024
  **** IP Build 5075265 on Wed May 22 21:45:21 MDT 2024
  **** SharedData Build 5076995 on Wed May 22 18:29:18 MDT 2024
  **** Start of session at: Tue Feb  4 14:30:48 2025
    ** Copyright 1986-2022 Xilinx, Inc. All Rights Reserved.
    ** Copyright 2022-2024 Advanced Micro Devices, Inc. All Rights Reserved.

source RV32I_WSC_Memory_0_0.tcl -notrace
create_project: Time (s): cpu = 00:00:04 ; elapsed = 00:00:07 . Memory (MB): peak = 521.648 ; gain = 203.309
INFO: [IP_Flow 19-234] Refreshing IP repositories
INFO: [IP_Flow 19-1704] No user IP repositories specified
INFO: [IP_Flow 19-2313] Loaded Vivado IP repository 'C:/Xilinx/Vivado/2024.1/data/ip'.
Command: synth_design -top RV32I_WSC_Memory_0_0 -part xc7z007sclg400-1 -incremental_mode off -mode out_of_context
Starting synth_design
Attempting to get a license for feature 'Synthesis' and/or device 'xc7z007s'
INFO: [Common 17-349] Got license for feature 'Synthesis' and/or device 'xc7z007s'
INFO: [Designutils 20-5008] Incremental synthesis strategy off
INFO: [Synth 8-7079] Multithreading enabled for synth_design using a maximum of 2 processes.
INFO: [Synth 8-7078] Launching helper process for spawning children vivado processes
INFO: [Synth 8-7075] Helper process launched with PID 22600
---------------------------------------------------------------------------------
Starting Synthesize : Time (s): cpu = 00:00:04 ; elapsed = 00:00:06 . Memory (MB): peak = 990.152 ; gain = 450.840
---------------------------------------------------------------------------------
INFO: [Synth 8-6157] synthesizing module 'RV32I_WSC_Memory_0_0' [c:/FPGA_project/RV32I_WSC/RV32I_WSC.gen/sources_1/bd/RV32I_WSC/ip/RV32I_WSC_Memory_0_0/synth/RV32I_WSC_Memory_0_0.v:53]
INFO: [Synth 8-6157] synthesizing module 'Memory' [C:/FPGA_project/RV32I_WSC/RV32I_WSC.srcs/sources_1/new/Memory.v:23]
INFO: [Synth 8-6157] synthesizing module 'Data_Memory' [C:/FPGA_project/RV32I_WSC/RV32I_WSC.srcs/sources_1/new/Data_Memory.v:23]
INFO: [Synth 8-6155] done synthesizing module 'Data_Memory' (0#1) [C:/FPGA_project/RV32I_WSC/RV32I_WSC.srcs/sources_1/new/Data_Memory.v:23]
INFO: [Synth 8-6155] done synthesizing module 'Memory' (0#1) [C:/FPGA_project/RV32I_WSC/RV32I_WSC.srcs/sources_1/new/Memory.v:23]
INFO: [Synth 8-6155] done synthesizing module 'RV32I_WSC_Memory_0_0' (0#1) [c:/FPGA_project/RV32I_WSC/RV32I_WSC.gen/sources_1/bd/RV32I_WSC/ip/RV32I_WSC_Memory_0_0/synth/RV32I_WSC_Memory_0_0.v:53]
WARNING: [Synth 8-7129] Port address[31] in module Data_Memory is either unconnected or has no load
WARNING: [Synth 8-7129] Port address[30] in module Data_Memory is either unconnected or has no load
WARNING: [Synth 8-7129] Port address[29] in module Data_Memory is either unconnected or has no load
WARNING: [Synth 8-7129] Port address[28] in module Data_Memory is either unconnected or has no load
WARNING: [Synth 8-7129] Port address[27] in module Data_Memory is either unconnected or has no load
WARNING: [Synth 8-7129] Port address[26] in module Data_Memory is either unconnected or has no load
WARNING: [Synth 8-7129] Port address[25] in module Data_Memory is either unconnected or has no load
WARNING: [Synth 8-7129] Port address[24] in module Data_Memory is either unconnected or has no load
WARNING: [Synth 8-7129] Port address[23] in module Data_Memory is either unconnected or has no load
WARNING: [Synth 8-7129] Port address[22] in module Data_Memory is either unconnected or has no load
WARNING: [Synth 8-7129] Port address[21] in module Data_Memory is either unconnected or has no load
WARNING: [Synth 8-7129] Port address[20] in module Data_Memory is either unconnected or has no load
WARNING: [Synth 8-7129] Port address[19] in module Data_Memory is either unconnected or has no load
WARNING: [Synth 8-7129] Port address[18] in module Data_Memory is either unconnected or has no load
WARNING: [Synth 8-7129] Port address[17] in module Data_Memory is either unconnected or has no load
WARNING: [Synth 8-7129] Port address[16] in module Data_Memory is either unconnected or has no load
WARNING: [Synth 8-7129] Port address[15] in module Data_Memory is either unconnected or has no load
WARNING: [Synth 8-7129] Port address[14] in module Data_Memory is either unconnected or has no load
WARNING: [Synth 8-7129] Port address[13] in module Data_Memory is either unconnected or has no load
WARNING: [Synth 8-7129] Port address[12] in module Data_Memory is either unconnected or has no load
WARNING: [Synth 8-7129] Port address[11] in module Data_Memory is either unconnected or has no load
WARNING: [Synth 8-7129] Port address[10] in module Data_Memory is either unconnected or has no load
---------------------------------------------------------------------------------
Finished Synthesize : Time (s): cpu = 00:00:05 ; elapsed = 00:00:07 . Memory (MB): peak = 1098.656 ; gain = 559.344
---------------------------------------------------------------------------------
---------------------------------------------------------------------------------
Finished Constraint Validation : Time (s): cpu = 00:00:05 ; elapsed = 00:00:08 . Memory (MB): peak = 1098.656 ; gain = 559.344
---------------------------------------------------------------------------------
---------------------------------------------------------------------------------
Start Loading Part and Timing Information
---------------------------------------------------------------------------------
Loading part: xc7z007sclg400-1
---------------------------------------------------------------------------------
Finished Loading Part and Timing Information : Time (s): cpu = 00:00:05 ; elapsed = 00:00:08 . Memory (MB): peak = 1098.656 ; gain = 559.344
---------------------------------------------------------------------------------
INFO: [Device 21-403] Loading part xc7z007sclg400-1
WARNING: [Synth 8-327] inferring latch for variable 'read_mem_data_reg' [C:/FPGA_project/RV32I_WSC/RV32I_WSC.srcs/sources_1/new/Data_Memory.v:38]
---------------------------------------------------------------------------------
Finished RTL Optimization Phase 2 : Time (s): cpu = 00:00:05 ; elapsed = 00:00:08 . Memory (MB): peak = 1098.656 ; gain = 559.344
---------------------------------------------------------------------------------
No constraint files found.
---------------------------------------------------------------------------------
Start RTL Component Statistics 
---------------------------------------------------------------------------------
Detailed RTL Component Info : 
---------------------------------------------------------------------------------
Finished RTL Component Statistics 
---------------------------------------------------------------------------------
---------------------------------------------------------------------------------
Start Part Resource Summary
---------------------------------------------------------------------------------
INFO: [Device 21-9227] Part: xc7z007sclg400-1 does not have CEAM library.
Part Resources:
DSPs: 66 (col length:40)
BRAMs: 100 (col length: RAMB18 40 RAMB36 20)
---------------------------------------------------------------------------------
Finished Part Resource Summary
---------------------------------------------------------------------------------
No constraint files found.
---------------------------------------------------------------------------------
Start Cross Boundary and Area Optimization
---------------------------------------------------------------------------------
WARNING: [Synth 8-7080] Parallel synthesis criteria is not met
WARNING: [Synth 8-7129] Port alu_result[31] in module RV32I_WSC_Memory_0_0 is either unconnected or has no load
WARNING: [Synth 8-7129] Port alu_result[30] in module RV32I_WSC_Memory_0_0 is either unconnected or has no load
WARNING: [Synth 8-7129] Port alu_result[29] in module RV32I_WSC_Memory_0_0 is either unconnected or has no load
WARNING: [Synth 8-7129] Port alu_result[28] in module RV32I_WSC_Memory_0_0 is either unconnected or has no load
WARNING: [Synth 8-7129] Port alu_result[27] in module RV32I_WSC_Memory_0_0 is either unconnected or has no load
WARNING: [Synth 8-7129] Port alu_result[26] in module RV32I_WSC_Memory_0_0 is either unconnected or has no load
WARNING: [Synth 8-7129] Port alu_result[25] in module RV32I_WSC_Memory_0_0 is either unconnected or has no load
WARNING: [Synth 8-7129] Port alu_result[24] in module RV32I_WSC_Memory_0_0 is either unconnected or has no load
WARNING: [Synth 8-7129] Port alu_result[23] in module RV32I_WSC_Memory_0_0 is either unconnected or has no load
WARNING: [Synth 8-7129] Port alu_result[22] in module RV32I_WSC_Memory_0_0 is either unconnected or has no load
WARNING: [Synth 8-7129] Port alu_result[21] in module RV32I_WSC_Memory_0_0 is either unconnected or has no load
WARNING: [Synth 8-7129] Port alu_result[20] in module RV32I_WSC_Memory_0_0 is either unconnected or has no load
WARNING: [Synth 8-7129] Port alu_result[19] in module RV32I_WSC_Memory_0_0 is either unconnected or has no load
WARNING: [Synth 8-7129] Port alu_result[18] in module RV32I_WSC_Memory_0_0 is either unconnected or has no load
WARNING: [Synth 8-7129] Port alu_result[17] in module RV32I_WSC_Memory_0_0 is either unconnected or has no load
WARNING: [Synth 8-7129] Port alu_result[16] in module RV32I_WSC_Memory_0_0 is either unconnected or has no load
WARNING: [Synth 8-7129] Port alu_result[15] in module RV32I_WSC_Memory_0_0 is either unconnected or has no load
WARNING: [Synth 8-7129] Port alu_result[14] in module RV32I_WSC_Memory_0_0 is either unconnected or has no load
WARNING: [Synth 8-7129] Port alu_result[13] in module RV32I_WSC_Memory_0_0 is either unconnected or has no load
WARNING: [Synth 8-7129] Port alu_result[12] in module RV32I_WSC_Memory_0_0 is either unconnected or has no load
WARNING: [Synth 8-7129] Port alu_result[11] in module RV32I_WSC_Memory_0_0 is either unconnected or has no load
WARNING: [Synth 8-7129] Port alu_result[10] in module RV32I_WSC_Memory_0_0 is either unconnected or has no load
---------------------------------------------------------------------------------
Finished Cross Boundary and Area Optimization : Time (s): cpu = 00:00:08 ; elapsed = 00:00:16 . Memory (MB): peak = 1278.113 ; gain = 738.801
---------------------------------------------------------------------------------
---------------------------------------------------------------------------------
Start ROM, RAM, DSP, Shift Register and Retiming Reporting
---------------------------------------------------------------------------------

Distributed RAM: Preliminary Mapping Report (see note below)
+---------------------+------------------------------------+-----------+----------------------+------------------+
|Module Name          | RTL Object                         | Inference | Size (Depth x Width) | Primitives       | 
+---------------------+------------------------------------+-----------+----------------------+------------------+
|RV32I_WSC_Memory_0_0 | inst/Data_Memory_0/data_memory_reg | Implied   | 1 K x 32             | RAM256X1S x 128  | 
+---------------------+------------------------------------+-----------+----------------------+------------------+

Note: The table above is a preliminary report that shows the Distributed RAMs at the current stage of the synthesis flow. Some Distributed RAMs may be reimplemented as non Distributed RAM primitives later in the synthesis flow. Multiple instantiated RAMs are reported only once.
---------------------------------------------------------------------------------
Finished ROM, RAM, DSP, Shift Register and Retiming Reporting
---------------------------------------------------------------------------------
No constraint files found.
---------------------------------------------------------------------------------
Start Timing Optimization
---------------------------------------------------------------------------------
---------------------------------------------------------------------------------
Finished Timing Optimization : Time (s): cpu = 00:00:08 ; elapsed = 00:00:16 . Memory (MB): peak = 1278.113 ; gain = 738.801
---------------------------------------------------------------------------------
---------------------------------------------------------------------------------
Start ROM, RAM, DSP, Shift Register and Retiming Reporting
---------------------------------------------------------------------------------

Distributed RAM: Final Mapping Report
+---------------------+------------------------------------+-----------+----------------------+------------------+
|Module Name          | RTL Object                         | Inference | Size (Depth x Width) | Primitives       | 
+---------------------+------------------------------------+-----------+----------------------+------------------+
|RV32I_WSC_Memory_0_0 | inst/Data_Memory_0/data_memory_reg | Implied   | 1 K x 32             | RAM256X1S x 128  | 
+---------------------+------------------------------------+-----------+----------------------+------------------+

---------------------------------------------------------------------------------
Finished ROM, RAM, DSP, Shift Register and Retiming Reporting
---------------------------------------------------------------------------------
---------------------------------------------------------------------------------
Start Technology Mapping
---------------------------------------------------------------------------------
---------------------------------------------------------------------------------
Finished Technology Mapping : Time (s): cpu = 00:00:08 ; elapsed = 00:00:16 . Memory (MB): peak = 1278.113 ; gain = 738.801
---------------------------------------------------------------------------------
---------------------------------------------------------------------------------
Start IO Insertion
---------------------------------------------------------------------------------
---------------------------------------------------------------------------------
Start Flattening Before IO Insertion
---------------------------------------------------------------------------------
---------------------------------------------------------------------------------
Finished Flattening Before IO Insertion
---------------------------------------------------------------------------------
---------------------------------------------------------------------------------
Start Final Netlist Cleanup
---------------------------------------------------------------------------------
---------------------------------------------------------------------------------
Finished Final Netlist Cleanup
---------------------------------------------------------------------------------
---------------------------------------------------------------------------------
Finished IO Insertion : Time (s): cpu = 00:00:11 ; elapsed = 00:00:20 . Memory (MB): peak = 1278.113 ; gain = 738.801
---------------------------------------------------------------------------------
---------------------------------------------------------------------------------
Start Renaming Generated Instances
---------------------------------------------------------------------------------
---------------------------------------------------------------------------------
Finished Renaming Generated Instances : Time (s): cpu = 00:00:11 ; elapsed = 00:00:20 . Memory (MB): peak = 1278.113 ; gain = 738.801
---------------------------------------------------------------------------------
---------------------------------------------------------------------------------
Start Rebuilding User Hierarchy
---------------------------------------------------------------------------------
---------------------------------------------------------------------------------
Finished Rebuilding User Hierarchy : Time (s): cpu = 00:00:11 ; elapsed = 00:00:20 . Memory (MB): peak = 1278.113 ; gain = 738.801
---------------------------------------------------------------------------------
---------------------------------------------------------------------------------
Start Renaming Generated Ports
---------------------------------------------------------------------------------
---------------------------------------------------------------------------------
Finished Renaming Generated Ports : Time (s): cpu = 00:00:11 ; elapsed = 00:00:20 . Memory (MB): peak = 1278.113 ; gain = 738.801
---------------------------------------------------------------------------------
---------------------------------------------------------------------------------
Start Handling Custom Attributes
---------------------------------------------------------------------------------
---------------------------------------------------------------------------------
Finished Handling Custom Attributes : Time (s): cpu = 00:00:11 ; elapsed = 00:00:20 . Memory (MB): peak = 1278.113 ; gain = 738.801
---------------------------------------------------------------------------------
---------------------------------------------------------------------------------
Start Renaming Generated Nets
---------------------------------------------------------------------------------
---------------------------------------------------------------------------------
Finished Renaming Generated Nets : Time (s): cpu = 00:00:11 ; elapsed = 00:00:20 . Memory (MB): peak = 1278.113 ; gain = 738.801
---------------------------------------------------------------------------------
---------------------------------------------------------------------------------
Start Writing Synthesis Report
---------------------------------------------------------------------------------

Report BlackBoxes: 
+-+--------------+----------+
| |BlackBox name |Instances |
+-+--------------+----------+
+-+--------------+----------+

Report Cell Usage: 
+------+----------+------+
|      |Cell      |Count |
+------+----------+------+
|1     |LUT2      |     1|
|2     |LUT3      |     4|
|3     |LUT6      |    32|
|4     |RAM256X1S |   128|
|5     |LD        |    32|
+------+----------+------+

Report Instance Areas: 
+------+------------------+------------+------+
|      |Instance          |Module      |Cells |
+------+------------------+------------+------+
|1     |top               |            |   197|
|2     |  inst            |Memory      |   196|
|3     |    Data_Memory_0 |Data_Memory |   196|
+------+------------------+------------+------+
---------------------------------------------------------------------------------
Finished Writing Synthesis Report : Time (s): cpu = 00:00:11 ; elapsed = 00:00:20 . Memory (MB): peak = 1278.113 ; gain = 738.801
---------------------------------------------------------------------------------
Synthesis finished with 0 errors, 0 critical warnings and 46 warnings.
Synthesis Optimization Runtime : Time (s): cpu = 00:00:11 ; elapsed = 00:00:20 . Memory (MB): peak = 1278.113 ; gain = 738.801
Synthesis Optimization Complete : Time (s): cpu = 00:00:11 ; elapsed = 00:00:20 . Memory (MB): peak = 1278.113 ; gain = 738.801
INFO: [Project 1-571] Translating synthesized netlist
Netlist sorting complete. Time (s): cpu = 00:00:00 ; elapsed = 00:00:00.004 . Memory (MB): peak = 1287.055 ; gain = 0.000
INFO: [Netlist 29-17] Analyzing 160 Unisim elements for replacement
INFO: [Netlist 29-28] Unisim Transformation completed in 0 CPU seconds
INFO: [Project 1-570] Preparing netlist for logic optimization
INFO: [Opt 31-138] Pushed 0 inverter(s) to 0 load pin(s).
Netlist sorting complete. Time (s): cpu = 00:00:00 ; elapsed = 00:00:00.001 . Memory (MB): peak = 1387.949 ; gain = 0.000
INFO: [Project 1-111] Unisim Transformation Summary:
  A total of 160 instances were transformed.
  LD => LDCE: 32 instances
  RAM256X1S => RAM256X1S (MUXF7(x2), MUXF8, RAMS64E(x4)): 128 instances

Synth Design complete | Checksum: 18ba3a9a
INFO: [Common 17-83] Releasing license: Synthesis
23 Infos, 46 Warnings, 0 Critical Warnings and 0 Errors encountered.
synth_design completed successfully
synth_design: Time (s): cpu = 00:00:12 ; elapsed = 00:00:21 . Memory (MB): peak = 1387.949 ; gain = 852.617
INFO: [Coretcl 2-1174] Renamed 2 cell refs.
INFO: [Timing 38-35] Done setting XDC timing constraints.
Write ShapeDB Complete: Time (s): cpu = 00:00:00 ; elapsed = 00:00:00.005 . Memory (MB): peak = 1701.027 ; gain = 0.121
INFO: [Common 17-1381] The checkpoint 'C:/FPGA_project/RV32I_WSC/RV32I_WSC.runs/RV32I_WSC_Memory_0_0_synth_1/RV32I_WSC_Memory_0_0.dcp' has been generated.
write_checkpoint: Time (s): cpu = 00:00:05 ; elapsed = 00:00:06 . Memory (MB): peak = 1701.027 ; gain = 313.078
INFO: [Vivado 12-24828] Executing command : report_utilization -file RV32I_WSC_Memory_0_0_utilization_synth.rpt -pb RV32I_WSC_Memory_0_0_utilization_synth.pb
INFO: [Common 17-206] Exiting Vivado at Tue Feb  4 14:31:27 2025...
